[05-Nov-2025 23:45:00 Africa/Addis_Ababa] Database Connection Error: SQLSTATE[HY000] [1045] Access denied for user 'if0_40051151'@'192.168.0.187' (using password: YES)
[05-Nov-2025 23:45:57 Africa/Addis_Ababa] Database Connection Error: SQLSTATE[HY000] [1045] Access denied for user 'if0_40051151'@'192.168.0.187' (using password: YES)
[05-Nov-2025 23:48:08 Africa/Addis_Ababa] Login Error: SQLSTATE[42S22]: Column not found: 1054 Unknown column 'password_hash' in 'SELECT'
[05-Nov-2025 23:50:22 Africa/Addis_Ababa] Password Reset Error: SQLSTATE[42S22]: Column not found: 1054 Unknown column 'status' in 'WHERE'
[05-Nov-2025 23:50:29 Africa/Addis_Ababa] Login Error: SQLSTATE[42S22]: Column not found: 1054 Unknown column 'password_hash' in 'SELECT'
[05-Nov-2025 23:52:34 Africa/Addis_Ababa] Registration Error: SQLSTATE[42S22]: Column not found: 1054 Unknown column 'password_hash' in 'INSERT INTO'
[05-Nov-2025 23:54:12 Africa/Addis_Ababa] Registration Error: SQLSTATE[42S22]: Column not found: 1054 Unknown column 'password_hash' in 'INSERT INTO'
[06-Nov-2025 00:00:03 Africa/Addis_Ababa] Registration Error: SQLSTATE[42S22]: Column not found: 1054 Unknown column 'password_hash' in 'INSERT INTO'
[06-Nov-2025 00:02:24 Africa/Addis_Ababa] Login Error: SQLSTATE[42S22]: Column not found: 1054 Unknown column 'password_hash' in 'SELECT'
[06-Nov-2025 00:02:33 Africa/Addis_Ababa] Login Error: SQLSTATE[42S22]: Column not found: 1054 Unknown column 'password_hash' in 'SELECT'
[06-Nov-2025 00:02:38 Africa/Addis_Ababa] Login Error: SQLSTATE[42S22]: Column not found: 1054 Unknown column 'password_hash' in 'SELECT'
[06-Nov-2025 00:03:03 Africa/Addis_Ababa] Login Error: SQLSTATE[42S22]: Column not found: 1054 Unknown column 'password_hash' in 'SELECT'
[06-Nov-2025 00:04:39 Africa/Addis_Ababa] Registration Error: SQLSTATE[42S22]: Column not found: 1054 Unknown column 'password_hash' in 'INSERT INTO'
[06-Nov-2025 00:12:20 Africa/Addis_Ababa] Registration Error: SQLSTATE[42S22]: Column not found: 1054 Unknown column 'password_hash' in 'INSERT INTO'
[06-Nov-2025 00:18:53 Africa/Addis_Ababa] Registration attempt - Username: natie, Email: muluneh1414@gmail.com
[06-Nov-2025 00:18:53 Africa/Addis_Ababa] Registration successful - Username: natie
[06-Nov-2025 00:20:14 Africa/Addis_Ababa] Login attempt - Email: admin@ethcocoders.com
[06-Nov-2025 00:20:14 Africa/Addis_Ababa] Login failed - Invalid email or password
[06-Nov-2025 00:21:05 Africa/Addis_Ababa] Registration attempt - Username: natiman, Email: natiman@gmail.com
[06-Nov-2025 00:21:05 Africa/Addis_Ababa] Registration successful - Username: natiman
[06-Nov-2025 00:21:21 Africa/Addis_Ababa] Login attempt - Email: natiman@gmail.com
[06-Nov-2025 00:21:21 Africa/Addis_Ababa] Login successful - Email: natiman@gmail.com, Redirect: dashboard/index.php
[06-Nov-2025 00:35:07 Africa/Addis_Ababa] Login attempt - Email: admin@ethcocoders.com
[06-Nov-2025 00:35:07 Africa/Addis_Ababa] Login failed - Invalid email or password
[06-Nov-2025 00:36:00 Africa/Addis_Ababa] Login attempt - Email: admin@ethcocoders.com
[06-Nov-2025 00:36:00 Africa/Addis_Ababa] Login successful - Email: admin@ethcocoders.com, Redirect: dashboard/index.php
[06-Nov-2025 00:36:01 Africa/Addis_Ababa] Get Contact Stats Error: SQLSTATE[42000]: Syntax error or access violation: 1064 You have an error in your SQL syntax; check the manual that corresponds to your MariaDB server version for the right syntax to use near 'read FROM contacts WHERE status = 'read'' at line 1
[06-Nov-2025 00:36:13 Africa/Addis_Ababa] Get Contact Stats Error: SQLSTATE[42000]: Syntax error or access violation: 1064 You have an error in your SQL syntax; check the manual that corresponds to your MariaDB server version for the right syntax to use near 'read FROM contacts WHERE status = 'read'' at line 1
[06-Nov-2025 00:36:29 Africa/Addis_Ababa] Get Contact Stats Error: SQLSTATE[42000]: Syntax error or access violation: 1064 You have an error in your SQL syntax; check the manual that corresponds to your MariaDB server version for the right syntax to use near 'read FROM contacts WHERE status = 'read'' at line 1
[06-Nov-2025 00:36:33 Africa/Addis_Ababa] Get Contact Stats Error: SQLSTATE[42000]: Syntax error or access violation: 1064 You have an error in your SQL syntax; check the manual that corresponds to your MariaDB server version for the right syntax to use near 'read FROM contacts WHERE status = 'read'' at line 1
[06-Nov-2025 00:36:35 Africa/Addis_Ababa] Get Contact Stats Error: SQLSTATE[42000]: Syntax error or access violation: 1064 You have an error in your SQL syntax; check the manual that corresponds to your MariaDB server version for the right syntax to use near 'read FROM contacts WHERE status = 'read'' at line 1
[06-Nov-2025 00:36:42 Africa/Addis_Ababa] Get Contact Stats Error: SQLSTATE[42000]: Syntax error or access violation: 1064 You have an error in your SQL syntax; check the manual that corresponds to your MariaDB server version for the right syntax to use near 'read FROM contacts WHERE status = 'read'' at line 1
[06-Nov-2025 00:36:47 Africa/Addis_Ababa] Get Contact Stats Error: SQLSTATE[42000]: Syntax error or access violation: 1064 You have an error in your SQL syntax; check the manual that corresponds to your MariaDB server version for the right syntax to use near 'read FROM contacts WHERE status = 'read'' at line 1
[06-Nov-2025 00:36:48 Africa/Addis_Ababa] Get Contact Stats Error: SQLSTATE[42000]: Syntax error or access violation: 1064 You have an error in your SQL syntax; check the manual that corresponds to your MariaDB server version for the right syntax to use near 'read FROM contacts WHERE status = 'read'' at line 1
[06-Nov-2025 00:36:50 Africa/Addis_Ababa] Get Contact Stats Error: SQLSTATE[42000]: Syntax error or access violation: 1064 You have an error in your SQL syntax; check the manual that corresponds to your MariaDB server version for the right syntax to use near 'read FROM contacts WHERE status = 'read'' at line 1
[06-Nov-2025 00:36:50 Africa/Addis_Ababa] Get Contact Stats Error: SQLSTATE[42000]: Syntax error or access violation: 1064 You have an error in your SQL syntax; check the manual that corresponds to your MariaDB server version for the right syntax to use near 'read FROM contacts WHERE status = 'read'' at line 1
[06-Nov-2025 00:36:54 Africa/Addis_Ababa] Get Contact Stats Error: SQLSTATE[42000]: Syntax error or access violation: 1064 You have an error in your SQL syntax; check the manual that corresponds to your MariaDB server version for the right syntax to use near 'read FROM contacts WHERE status = 'read'' at line 1
[06-Nov-2025 00:36:54 Africa/Addis_Ababa] Get Contact Stats Error: SQLSTATE[42000]: Syntax error or access violation: 1064 You have an error in your SQL syntax; check the manual that corresponds to your MariaDB server version for the right syntax to use near 'read FROM contacts WHERE status = 'read'' at line 1
[06-Nov-2025 00:37:00 Africa/Addis_Ababa] Get Contact Stats Error: SQLSTATE[42000]: Syntax error or access violation: 1064 You have an error in your SQL syntax; check the manual that corresponds to your MariaDB server version for the right syntax to use near 'read FROM contacts WHERE status = 'read'' at line 1
[06-Nov-2025 00:37:00 Africa/Addis_Ababa] Get Contact Stats Error: SQLSTATE[42000]: Syntax error or access violation: 1064 You have an error in your SQL syntax; check the manual that corresponds to your MariaDB server version for the right syntax to use near 'read FROM contacts WHERE status = 'read'' at line 1
[06-Nov-2025 00:37:25 Africa/Addis_Ababa] Get Contact Stats Error: SQLSTATE[42000]: Syntax error or access violation: 1064 You have an error in your SQL syntax; check the manual that corresponds to your MariaDB server version for the right syntax to use near 'read FROM contacts WHERE status = 'read'' at line 1
[06-Nov-2025 00:37:29 Africa/Addis_Ababa] Get Contact Stats Error: SQLSTATE[42000]: Syntax error or access violation: 1064 You have an error in your SQL syntax; check the manual that corresponds to your MariaDB server version for the right syntax to use near 'read FROM contacts WHERE status = 'read'' at line 1
[06-Nov-2025 00:37:32 Africa/Addis_Ababa] Get Contact Stats Error: SQLSTATE[42000]: Syntax error or access violation: 1064 You have an error in your SQL syntax; check the manual that corresponds to your MariaDB server version for the right syntax to use near 'read FROM contacts WHERE status = 'read'' at line 1
[06-Nov-2025 00:39:37 Africa/Addis_Ababa] Login attempt - Email: tadi@gmail.com
[06-Nov-2025 00:39:37 Africa/Addis_Ababa] Login successful - Email: tadi@gmail.com, Redirect: dashboard/index.php
[06-Nov-2025 01:06:13 Africa/Addis_Ababa] Login attempt - Email: tadi@gmail.com
[06-Nov-2025 01:06:13 Africa/Addis_Ababa] Login successful - Email: tadi@gmail.com, Redirect: dashboard/index.php
[06-Nov-2025 01:11:47 Africa/Addis_Ababa] Login attempt - Email: admin@ethcocoders.com
[06-Nov-2025 01:11:47 Africa/Addis_Ababa] Login successful - Email: admin@ethcocoders.com, Redirect: dashboard/index.php
[06-Nov-2025 01:11:48 Africa/Addis_Ababa] Get Contact Stats Error: SQLSTATE[42000]: Syntax error or access violation: 1064 You have an error in your SQL syntax; check the manual that corresponds to your MariaDB server version for the right syntax to use near 'read FROM contacts WHERE status = 'read'' at line 1
[06-Nov-2025 01:12:06 Africa/Addis_Ababa] Get Contact Stats Error: SQLSTATE[42000]: Syntax error or access violation: 1064 You have an error in your SQL syntax; check the manual that corresponds to your MariaDB server version for the right syntax to use near 'read FROM contacts WHERE status = 'read'' at line 1
[06-Nov-2025 01:12:10 Africa/Addis_Ababa] Get Contact Stats Error: SQLSTATE[42000]: Syntax error or access violation: 1064 You have an error in your SQL syntax; check the manual that corresponds to your MariaDB server version for the right syntax to use near 'read FROM contacts WHERE status = 'read'' at line 1
[06-Nov-2025 01:12:12 Africa/Addis_Ababa] Get Contact Stats Error: SQLSTATE[42000]: Syntax error or access violation: 1064 You have an error in your SQL syntax; check the manual that corresponds to your MariaDB server version for the right syntax to use near 'read FROM contacts WHERE status = 'read'' at line 1
[06-Nov-2025 01:12:15 Africa/Addis_Ababa] Get Contact Stats Error: SQLSTATE[42000]: Syntax error or access violation: 1064 You have an error in your SQL syntax; check the manual that corresponds to your MariaDB server version for the right syntax to use near 'read FROM contacts WHERE status = 'read'' at line 1
[06-Nov-2025 01:12:29 Africa/Addis_Ababa] Get Contact Stats Error: SQLSTATE[42000]: Syntax error or access violation: 1064 You have an error in your SQL syntax; check the manual that corresponds to your MariaDB server version for the right syntax to use near 'read FROM contacts WHERE status = 'read'' at line 1
[06-Nov-2025 01:13:58 Africa/Addis_Ababa] Get Contact Stats Error: SQLSTATE[42000]: Syntax error or access violation: 1064 You have an error in your SQL syntax; check the manual that corresponds to your MariaDB server version for the right syntax to use near 'read FROM contacts WHERE status = 'read'' at line 1
[06-Nov-2025 01:14:03 Africa/Addis_Ababa] Get Contact Stats Error: SQLSTATE[42000]: Syntax error or access violation: 1064 You have an error in your SQL syntax; check the manual that corresponds to your MariaDB server version for the right syntax to use near 'read FROM contacts WHERE status = 'read'' at line 1
[06-Nov-2025 01:14:05 Africa/Addis_Ababa] Get Contact Stats Error: SQLSTATE[42000]: Syntax error or access violation: 1064 You have an error in your SQL syntax; check the manual that corresponds to your MariaDB server version for the right syntax to use near 'read FROM contacts WHERE status = 'read'' at line 1
[06-Nov-2025 01:14:08 Africa/Addis_Ababa] Get Contact Stats Error: SQLSTATE[42000]: Syntax error or access violation: 1064 You have an error in your SQL syntax; check the manual that corresponds to your MariaDB server version for the right syntax to use near 'read FROM contacts WHERE status = 'read'' at line 1
[06-Nov-2025 01:14:09 Africa/Addis_Ababa] Get Contact Stats Error: SQLSTATE[42000]: Syntax error or access violation: 1064 You have an error in your SQL syntax; check the manual that corresponds to your MariaDB server version for the right syntax to use near 'read FROM contacts WHERE status = 'read'' at line 1
[06-Nov-2025 01:15:56 Africa/Addis_Ababa] Get Contact Stats Error: SQLSTATE[42000]: Syntax error or access violation: 1064 You have an error in your SQL syntax; check the manual that corresponds to your MariaDB server version for the right syntax to use near 'read FROM contacts WHERE status = 'read'' at line 1
[06-Nov-2025 01:16:27 Africa/Addis_Ababa] Get Contact Stats Error: SQLSTATE[42000]: Syntax error or access violation: 1064 You have an error in your SQL syntax; check the manual that corresponds to your MariaDB server version for the right syntax to use near 'read FROM contacts WHERE status = 'read'' at line 1
[06-Nov-2025 01:17:36 Africa/Addis_Ababa] Get Contact Stats Error: SQLSTATE[42000]: Syntax error or access violation: 1064 You have an error in your SQL syntax; check the manual that corresponds to your MariaDB server version for the right syntax to use near 'read FROM contacts WHERE status = 'read'' at line 1
[06-Nov-2025 01:18:30 Africa/Addis_Ababa] Login attempt - Email: tadi@gmail.com
[06-Nov-2025 01:18:30 Africa/Addis_Ababa] Login successful - Email: tadi@gmail.com, Redirect: dashboard/index.php
[06-Nov-2025 01:20:44 Africa/Addis_Ababa] Login attempt - Email: admin@ethcocoders.com
[06-Nov-2025 01:20:44 Africa/Addis_Ababa] Login successful - Email: admin@ethcocoders.com, Redirect: dashboard/index.php
[06-Nov-2025 01:20:44 Africa/Addis_Ababa] Get Contact Stats Error: SQLSTATE[42000]: Syntax error or access violation: 1064 You have an error in your SQL syntax; check the manual that corresponds to your MariaDB server version for the right syntax to use near 'read FROM contacts WHERE status = 'read'' at line 1
[06-Nov-2025 01:20:48 Africa/Addis_Ababa] Get Contact Stats Error: SQLSTATE[42000]: Syntax error or access violation: 1064 You have an error in your SQL syntax; check the manual that corresponds to your MariaDB server version for the right syntax to use near 'read FROM contacts WHERE status = 'read'' at line 1
[06-Nov-2025 01:20:55 Africa/Addis_Ababa] Get Contact Stats Error: SQLSTATE[42000]: Syntax error or access violation: 1064 You have an error in your SQL syntax; check the manual that corresponds to your MariaDB server version for the right syntax to use near 'read FROM contacts WHERE status = 'read'' at line 1
[06-Nov-2025 01:21:11 Africa/Addis_Ababa] Get Contact Stats Error: SQLSTATE[42000]: Syntax error or access violation: 1064 You have an error in your SQL syntax; check the manual that corresponds to your MariaDB server version for the right syntax to use near 'read FROM contacts WHERE status = 'read'' at line 1
[06-Nov-2025 01:21:18 Africa/Addis_Ababa] Get Contact Stats Error: SQLSTATE[42000]: Syntax error or access violation: 1064 You have an error in your SQL syntax; check the manual that corresponds to your MariaDB server version for the right syntax to use near 'read FROM contacts WHERE status = 'read'' at line 1
[06-Nov-2025 01:21:33 Africa/Addis_Ababa] Get Contact Stats Error: SQLSTATE[42000]: Syntax error or access violation: 1064 You have an error in your SQL syntax; check the manual that corresponds to your MariaDB server version for the right syntax to use near 'read FROM contacts WHERE status = 'read'' at line 1
[06-Nov-2025 01:21:43 Africa/Addis_Ababa] Get Contact Stats Error: SQLSTATE[42000]: Syntax error or access violation: 1064 You have an error in your SQL syntax; check the manual that corresponds to your MariaDB server version for the right syntax to use near 'read FROM contacts WHERE status = 'read'' at line 1
[06-Nov-2025 01:21:45 Africa/Addis_Ababa] Get Contact Stats Error: SQLSTATE[42000]: Syntax error or access violation: 1064 You have an error in your SQL syntax; check the manual that corresponds to your MariaDB server version for the right syntax to use near 'read FROM contacts WHERE status = 'read'' at line 1
[06-Nov-2025 01:21:54 Africa/Addis_Ababa] Get Contact Stats Error: SQLSTATE[42000]: Syntax error or access violation: 1064 You have an error in your SQL syntax; check the manual that corresponds to your MariaDB server version for the right syntax to use near 'read FROM contacts WHERE status = 'read'' at line 1
[06-Nov-2025 01:22:37 Africa/Addis_Ababa] Get Contact Stats Error: SQLSTATE[42000]: Syntax error or access violation: 1064 You have an error in your SQL syntax; check the manual that corresponds to your MariaDB server version for the right syntax to use near 'read FROM contacts WHERE status = 'read'' at line 1
[06-Nov-2025 01:22:37 Africa/Addis_Ababa] Get Contact Stats Error: SQLSTATE[42000]: Syntax error or access violation: 1064 You have an error in your SQL syntax; check the manual that corresponds to your MariaDB server version for the right syntax to use near 'read FROM contacts WHERE status = 'read'' at line 1
[06-Nov-2025 01:22:39 Africa/Addis_Ababa] Get Contact Stats Error: SQLSTATE[42000]: Syntax error or access violation: 1064 You have an error in your SQL syntax; check the manual that corresponds to your MariaDB server version for the right syntax to use near 'read FROM contacts WHERE status = 'read'' at line 1
[06-Nov-2025 01:23:12 Africa/Addis_Ababa] Get Contact Stats Error: SQLSTATE[42000]: Syntax error or access violation: 1064 You have an error in your SQL syntax; check the manual that corresponds to your MariaDB server version for the right syntax to use near 'read FROM contacts WHERE status = 'read'' at line 1
[06-Nov-2025 01:23:35 Africa/Addis_Ababa] Get Contact Stats Error: SQLSTATE[42000]: Syntax error or access violation: 1064 You have an error in your SQL syntax; check the manual that corresponds to your MariaDB server version for the right syntax to use near 'read FROM contacts WHERE status = 'read'' at line 1
[06-Nov-2025 01:23:40 Africa/Addis_Ababa] Get Contact Stats Error: SQLSTATE[42000]: Syntax error or access violation: 1064 You have an error in your SQL syntax; check the manual that corresponds to your MariaDB server version for the right syntax to use near 'read FROM contacts WHERE status = 'read'' at line 1
[06-Nov-2025 01:23:47 Africa/Addis_Ababa] Get Contact Stats Error: SQLSTATE[42000]: Syntax error or access violation: 1064 You have an error in your SQL syntax; check the manual that corresponds to your MariaDB server version for the right syntax to use near 'read FROM contacts WHERE status = 'read'' at line 1
[06-Nov-2025 01:24:30 Africa/Addis_Ababa] Get Contact Stats Error: SQLSTATE[42000]: Syntax error or access violation: 1064 You have an error in your SQL syntax; check the manual that corresponds to your MariaDB server version for the right syntax to use near 'read FROM contacts WHERE status = 'read'' at line 1
[06-Nov-2025 01:24:44 Africa/Addis_Ababa] Get Contact Stats Error: SQLSTATE[42000]: Syntax error or access violation: 1064 You have an error in your SQL syntax; check the manual that corresponds to your MariaDB server version for the right syntax to use near 'read FROM contacts WHERE status = 'read'' at line 1
[06-Nov-2025 01:24:46 Africa/Addis_Ababa] Get Contact Stats Error: SQLSTATE[42000]: Syntax error or access violation: 1064 You have an error in your SQL syntax; check the manual that corresponds to your MariaDB server version for the right syntax to use near 'read FROM contacts WHERE status = 'read'' at line 1
[06-Nov-2025 01:24:47 Africa/Addis_Ababa] Get Contact Stats Error: SQLSTATE[42000]: Syntax error or access violation: 1064 You have an error in your SQL syntax; check the manual that corresponds to your MariaDB server version for the right syntax to use near 'read FROM contacts WHERE status = 'read'' at line 1
[06-Nov-2025 01:25:36 Africa/Addis_Ababa] Login attempt - Email: tadi@gmail.com
[06-Nov-2025 01:25:36 Africa/Addis_Ababa] Login successful - Email: tadi@gmail.com, Redirect: dashboard/index.php
[06-Nov-2025 01:29:11 Africa/Addis_Ababa] Login attempt - Email: admin@ethcocoders.con
[06-Nov-2025 01:29:11 Africa/Addis_Ababa] Login failed - Invalid email or password
[06-Nov-2025 01:30:15 Africa/Addis_Ababa] Login attempt - Email: admin@ethcocoders.com
[06-Nov-2025 01:30:15 Africa/Addis_Ababa] Login successful - Email: admin@ethcocoders.com, Redirect: dashboard/index.php
[06-Nov-2025 01:30:17 Africa/Addis_Ababa] Get Contact Stats Error: SQLSTATE[42000]: Syntax error or access violation: 1064 You have an error in your SQL syntax; check the manual that corresponds to your MariaDB server version for the right syntax to use near 'read FROM contacts WHERE status = 'read'' at line 1
[06-Nov-2025 01:30:24 Africa/Addis_Ababa] Get Contact Stats Error: SQLSTATE[42000]: Syntax error or access violation: 1064 You have an error in your SQL syntax; check the manual that corresponds to your MariaDB server version for the right syntax to use near 'read FROM contacts WHERE status = 'read'' at line 1
[06-Nov-2025 01:30:31 Africa/Addis_Ababa] Get Contact Stats Error: SQLSTATE[42000]: Syntax error or access violation: 1064 You have an error in your SQL syntax; check the manual that corresponds to your MariaDB server version for the right syntax to use near 'read FROM contacts WHERE status = 'read'' at line 1
[06-Nov-2025 01:30:40 Africa/Addis_Ababa] Get Contact Stats Error: SQLSTATE[42000]: Syntax error or access violation: 1064 You have an error in your SQL syntax; check the manual that corresponds to your MariaDB server version for the right syntax to use near 'read FROM contacts WHERE status = 'read'' at line 1
[06-Nov-2025 01:30:44 Africa/Addis_Ababa] Get Contact Stats Error: SQLSTATE[42000]: Syntax error or access violation: 1064 You have an error in your SQL syntax; check the manual that corresponds to your MariaDB server version for the right syntax to use near 'read FROM contacts WHERE status = 'read'' at line 1
[06-Nov-2025 01:31:03 Africa/Addis_Ababa] Get Contact Stats Error: SQLSTATE[42000]: Syntax error or access violation: 1064 You have an error in your SQL syntax; check the manual that corresponds to your MariaDB server version for the right syntax to use near 'read FROM contacts WHERE status = 'read'' at line 1
[06-Nov-2025 01:33:00 Africa/Addis_Ababa] Database Connection Error: SQLSTATE[HY000] [1045] Access denied for user 'if0_40051151'@'192.168.0.187' (using password: YES)
[06-Nov-2025 01:35:19 Africa/Addis_Ababa] Get Contact Stats Error: SQLSTATE[42000]: Syntax error or access violation: 1064 You have an error in your SQL syntax; check the manual that corresponds to your MariaDB server version for the right syntax to use near 'read FROM contacts WHERE status = 'read'' at line 1
[06-Nov-2025 01:35:24 Africa/Addis_Ababa] Get Contact Stats Error: SQLSTATE[42000]: Syntax error or access violation: 1064 You have an error in your SQL syntax; check the manual that corresponds to your MariaDB server version for the right syntax to use near 'read FROM contacts WHERE status = 'read'' at line 1
[06-Nov-2025 01:35:33 Africa/Addis_Ababa] Get Contact Stats Error: SQLSTATE[42000]: Syntax error or access violation: 1064 You have an error in your SQL syntax; check the manual that corresponds to your MariaDB server version for the right syntax to use near 'read FROM contacts WHERE status = 'read'' at line 1
[06-Nov-2025 01:35:49 Africa/Addis_Ababa] Get Contact Stats Error: SQLSTATE[42000]: Syntax error or access violation: 1064 You have an error in your SQL syntax; check the manual that corresponds to your MariaDB server version for the right syntax to use near 'read FROM contacts WHERE status = 'read'' at line 1
[06-Nov-2025 01:37:19 Africa/Addis_Ababa] Get Contact Stats Error: SQLSTATE[42000]: Syntax error or access violation: 1064 You have an error in your SQL syntax; check the manual that corresponds to your MariaDB server version for the right syntax to use near 'read FROM contacts WHERE status = 'read'' at line 1
[06-Nov-2025 01:37:34 Africa/Addis_Ababa] Get Contact Stats Error: SQLSTATE[42000]: Syntax error or access violation: 1064 You have an error in your SQL syntax; check the manual that corresponds to your MariaDB server version for the right syntax to use near 'read FROM contacts WHERE status = 'read'' at line 1
[06-Nov-2025 01:37:38 Africa/Addis_Ababa] Get Contact Stats Error: SQLSTATE[42000]: Syntax error or access violation: 1064 You have an error in your SQL syntax; check the manual that corresponds to your MariaDB server version for the right syntax to use near 'read FROM contacts WHERE status = 'read'' at line 1
[06-Nov-2025 01:38:08 Africa/Addis_Ababa] Get Contact Stats Error: SQLSTATE[42000]: Syntax error or access violation: 1064 You have an error in your SQL syntax; check the manual that corresponds to your MariaDB server version for the right syntax to use near 'read FROM contacts WHERE status = 'read'' at line 1
[06-Nov-2025 01:38:49 Africa/Addis_Ababa] Get Contact Stats Error: SQLSTATE[42000]: Syntax error or access violation: 1064 You have an error in your SQL syntax; check the manual that corresponds to your MariaDB server version for the right syntax to use near 'read FROM contacts WHERE status = 'read'' at line 1
[06-Nov-2025 01:39:04 Africa/Addis_Ababa] Get Contact Stats Error: SQLSTATE[42000]: Syntax error or access violation: 1064 You have an error in your SQL syntax; check the manual that corresponds to your MariaDB server version for the right syntax to use near 'read FROM contacts WHERE status = 'read'' at line 1
[06-Nov-2025 01:50:28 Africa/Addis_Ababa] Login attempt - Email: admin@ethcocoders.com
[06-Nov-2025 01:50:28 Africa/Addis_Ababa] Redirect path for role 'admin': dashboard/index.php
[06-Nov-2025 01:50:28 Africa/Addis_Ababa] Login successful - Email: admin@ethcocoders.com, Redirect: dashboard/index.php
[06-Nov-2025 01:50:30 Africa/Addis_Ababa] Get Contact Stats Error: SQLSTATE[42000]: Syntax error or access violation: 1064 You have an error in your SQL syntax; check the manual that corresponds to your MariaDB server version for the right syntax to use near 'read FROM contacts WHERE status = 'read'' at line 1
[06-Nov-2025 01:50:40 Africa/Addis_Ababa] Get Contact Stats Error: SQLSTATE[42000]: Syntax error or access violation: 1064 You have an error in your SQL syntax; check the manual that corresponds to your MariaDB server version for the right syntax to use near 'read FROM contacts WHERE status = 'read'' at line 1
[06-Nov-2025 01:50:43 Africa/Addis_Ababa] Get Contact Stats Error: SQLSTATE[42000]: Syntax error or access violation: 1064 You have an error in your SQL syntax; check the manual that corresponds to your MariaDB server version for the right syntax to use near 'read FROM contacts WHERE status = 'read'' at line 1
[06-Nov-2025 01:50:47 Africa/Addis_Ababa] Get Contact Stats Error: SQLSTATE[42000]: Syntax error or access violation: 1064 You have an error in your SQL syntax; check the manual that corresponds to your MariaDB server version for the right syntax to use near 'read FROM contacts WHERE status = 'read'' at line 1
[06-Nov-2025 01:50:50 Africa/Addis_Ababa] Get Contact Stats Error: SQLSTATE[42000]: Syntax error or access violation: 1064 You have an error in your SQL syntax; check the manual that corresponds to your MariaDB server version for the right syntax to use near 'read FROM contacts WHERE status = 'read'' at line 1
[06-Nov-2025 01:51:00 Africa/Addis_Ababa] Get Contact Stats Error: SQLSTATE[42000]: Syntax error or access violation: 1064 You have an error in your SQL syntax; check the manual that corresponds to your MariaDB server version for the right syntax to use near 'read FROM contacts WHERE status = 'read'' at line 1
[06-Nov-2025 01:52:11 Africa/Addis_Ababa] Get Contact Stats Error: SQLSTATE[42000]: Syntax error or access violation: 1064 You have an error in your SQL syntax; check the manual that corresponds to your MariaDB server version for the right syntax to use near 'read FROM contacts WHERE status = 'read'' at line 1
[06-Nov-2025 01:53:19 Africa/Addis_Ababa] Get Contact Stats Error: SQLSTATE[42000]: Syntax error or access violation: 1064 You have an error in your SQL syntax; check the manual that corresponds to your MariaDB server version for the right syntax to use near 'read FROM contacts WHERE status = 'read'' at line 1
[06-Nov-2025 01:53:22 Africa/Addis_Ababa] Get Contact Stats Error: SQLSTATE[42000]: Syntax error or access violation: 1064 You have an error in your SQL syntax; check the manual that corresponds to your MariaDB server version for the right syntax to use near 'read FROM contacts WHERE status = 'read'' at line 1
[06-Nov-2025 01:54:14 Africa/Addis_Ababa] Get Contact Stats Error: SQLSTATE[42000]: Syntax error or access violation: 1064 You have an error in your SQL syntax; check the manual that corresponds to your MariaDB server version for the right syntax to use near 'read FROM contacts WHERE status = 'read'' at line 1
[06-Nov-2025 01:55:38 Africa/Addis_Ababa] Login attempt - Email: admin@ethcocoders.com
[06-Nov-2025 01:55:38 Africa/Addis_Ababa] Redirect path for role 'admin': dashboard/index.php
[06-Nov-2025 01:55:38 Africa/Addis_Ababa] Login successful - Email: admin@ethcocoders.com, Redirect: dashboard/index.php
[06-Nov-2025 01:55:39 Africa/Addis_Ababa] Get Contact Stats Error: SQLSTATE[42000]: Syntax error or access violation: 1064 You have an error in your SQL syntax; check the manual that corresponds to your MariaDB server version for the right syntax to use near 'read FROM contacts WHERE status = 'read'' at line 1
[06-Nov-2025 01:55:54 Africa/Addis_Ababa] Get Contact Stats Error: SQLSTATE[42000]: Syntax error or access violation: 1064 You have an error in your SQL syntax; check the manual that corresponds to your MariaDB server version for the right syntax to use near 'read FROM contacts WHERE status = 'read'' at line 1
[06-Nov-2025 01:56:19 Africa/Addis_Ababa] Get Contact Stats Error: SQLSTATE[42000]: Syntax error or access violation: 1064 You have an error in your SQL syntax; check the manual that corresponds to your MariaDB server version for the right syntax to use near 'read FROM contacts WHERE status = 'read'' at line 1
[06-Nov-2025 01:56:23 Africa/Addis_Ababa] Get Contact Stats Error: SQLSTATE[42000]: Syntax error or access violation: 1064 You have an error in your SQL syntax; check the manual that corresponds to your MariaDB server version for the right syntax to use near 'read FROM contacts WHERE status = 'read'' at line 1
[06-Nov-2025 01:56:30 Africa/Addis_Ababa] Get Contact Stats Error: SQLSTATE[42000]: Syntax error or access violation: 1064 You have an error in your SQL syntax; check the manual that corresponds to your MariaDB server version for the right syntax to use near 'read FROM contacts WHERE status = 'read'' at line 1
[06-Nov-2025 01:57:02 Africa/Addis_Ababa] Login attempt - Email: tadi@gmail.com
[06-Nov-2025 01:57:02 Africa/Addis_Ababa] Redirect path for role 'team_member': dashboard/index.php
[06-Nov-2025 01:57:02 Africa/Addis_Ababa] Login successful - Email: tadi@gmail.com, Redirect: dashboard/index.php
[06-Nov-2025 02:01:10 Africa/Addis_Ababa] Redirect path for role 'admin': dashboard/index.php
[06-Nov-2025 02:01:39 Africa/Addis_Ababa] Get Contact Stats Error: SQLSTATE[42000]: Syntax error or access violation: 1064 You have an error in your SQL syntax; check the manual that corresponds to your MariaDB server version for the right syntax to use near 'read FROM contacts WHERE status = 'read'' at line 1
[06-Nov-2025 07:14:47 Africa/Addis_Ababa] Login attempt - Email: tadi@gmail.com
[06-Nov-2025 07:14:47 Africa/Addis_Ababa] Redirect path for role 'team_member': dashboard/index.php
[06-Nov-2025 07:14:47 Africa/Addis_Ababa] Login successful - Email: tadi@gmail.com, Redirect: dashboard/index.php
[06-Nov-2025 09:32:55 Africa/Addis_Ababa] Login attempt - Email: tadi@gmail.com
[06-Nov-2025 09:32:56 Africa/Addis_Ababa] Redirect path for role 'team_member': dashboard/index.php
[06-Nov-2025 09:32:56 Africa/Addis_Ababa] Login successful - Email: tadi@gmail.com, Redirect: dashboard/index.php
[06-Nov-2025 09:32:59 Africa/Addis_Ababa] Login attempt - Email: tadi@gmail.com
[06-Nov-2025 09:32:59 Africa/Addis_Ababa] Login failed - Invalid email or password
[06-Nov-2025 09:33:36 Africa/Addis_Ababa] Login attempt - Email: tadi@gmail.com
[06-Nov-2025 09:33:36 Africa/Addis_Ababa] Redirect path for role 'team_member': dashboard/index.php
[06-Nov-2025 09:33:36 Africa/Addis_Ababa] Login successful - Email: tadi@gmail.com, Redirect: dashboard/index.php
[06-Nov-2025 09:48:46 Africa/Addis_Ababa] Login attempt - Email: admin@ethcocoders.com
[06-Nov-2025 09:48:46 Africa/Addis_Ababa] Redirect path for role 'admin': dashboard/index.php
[06-Nov-2025 09:48:46 Africa/Addis_Ababa] Login successful - Email: admin@ethcocoders.com, Redirect: dashboard/index.php
[06-Nov-2025 09:48:48 Africa/Addis_Ababa] Get Contact Stats Error: SQLSTATE[42000]: Syntax error or access violation: 1064 You have an error in your SQL syntax; check the manual that corresponds to your MariaDB server version for the right syntax to use near 'read FROM contacts WHERE status = 'read'' at line 1
[06-Nov-2025 12:51:28 Africa/Addis_Ababa] Login attempt - Email: admin@ethcocoders.com
[06-Nov-2025 12:51:28 Africa/Addis_Ababa] Redirect path for role 'admin': dashboard/index.php
[06-Nov-2025 12:51:28 Africa/Addis_Ababa] Login successful - Email: admin@ethcocoders.com, Redirect: dashboard/index.php
[06-Nov-2025 12:51:38 Africa/Addis_Ababa] Get Contact Stats Error: SQLSTATE[42000]: Syntax error or access violation: 1064 You have an error in your SQL syntax; check the manual that corresponds to your MariaDB server version for the right syntax to use near 'read FROM contacts WHERE status = 'read'' at line 1
[06-Nov-2025 12:51:42 Africa/Addis_Ababa] Get Contact Stats Error: SQLSTATE[42000]: Syntax error or access violation: 1064 You have an error in your SQL syntax; check the manual that corresponds to your MariaDB server version for the right syntax to use near 'read FROM contacts WHERE status = 'read'' at line 1
[06-Nov-2025 12:51:47 Africa/Addis_Ababa] Get Contact Stats Error: SQLSTATE[42000]: Syntax error or access violation: 1064 You have an error in your SQL syntax; check the manual that corresponds to your MariaDB server version for the right syntax to use near 'read FROM contacts WHERE status = 'read'' at line 1
[06-Nov-2025 12:51:49 Africa/Addis_Ababa] Get Contact Stats Error: SQLSTATE[42000]: Syntax error or access violation: 1064 You have an error in your SQL syntax; check the manual that corresponds to your MariaDB server version for the right syntax to use near 'read FROM contacts WHERE status = 'read'' at line 1
[06-Nov-2025 12:51:51 Africa/Addis_Ababa] Get Contact Stats Error: SQLSTATE[42000]: Syntax error or access violation: 1064 You have an error in your SQL syntax; check the manual that corresponds to your MariaDB server version for the right syntax to use near 'read FROM contacts WHERE status = 'read'' at line 1
[06-Nov-2025 12:51:53 Africa/Addis_Ababa] Get Contact Stats Error: SQLSTATE[42000]: Syntax error or access violation: 1064 You have an error in your SQL syntax; check the manual that corresponds to your MariaDB server version for the right syntax to use near 'read FROM contacts WHERE status = 'read'' at line 1
[06-Nov-2025 12:51:56 Africa/Addis_Ababa] Get Contact Stats Error: SQLSTATE[42000]: Syntax error or access violation: 1064 You have an error in your SQL syntax; check the manual that corresponds to your MariaDB server version for the right syntax to use near 'read FROM contacts WHERE status = 'read'' at line 1
[06-Nov-2025 12:51:57 Africa/Addis_Ababa] Get Contact Stats Error: SQLSTATE[42000]: Syntax error or access violation: 1064 You have an error in your SQL syntax; check the manual that corresponds to your MariaDB server version for the right syntax to use near 'read FROM contacts WHERE status = 'read'' at line 1
[06-Nov-2025 12:52:02 Africa/Addis_Ababa] Get Contact Stats Error: SQLSTATE[42000]: Syntax error or access violation: 1064 You have an error in your SQL syntax; check the manual that corresponds to your MariaDB server version for the right syntax to use near 'read FROM contacts WHERE status = 'read'' at line 1
[06-Nov-2025 12:52:04 Africa/Addis_Ababa] Get Contact Stats Error: SQLSTATE[42000]: Syntax error or access violation: 1064 You have an error in your SQL syntax; check the manual that corresponds to your MariaDB server version for the right syntax to use near 'read FROM contacts WHERE status = 'read'' at line 1
[06-Nov-2025 13:12:57 Africa/Addis_Ababa] Get Contact Stats Error: SQLSTATE[42000]: Syntax error or access violation: 1064 You have an error in your SQL syntax; check the manual that corresponds to your MariaDB server version for the right syntax to use near 'read FROM contacts WHERE status = 'read'' at line 1
[06-Nov-2025 13:12:57 Africa/Addis_Ababa] Get Contact Stats Error: SQLSTATE[42000]: Syntax error or access violation: 1064 You have an error in your SQL syntax; check the manual that corresponds to your MariaDB server version for the right syntax to use near 'read FROM contacts WHERE status = 'read'' at line 1
[06-Nov-2025 13:12:59 Africa/Addis_Ababa] Get Contact Stats Error: SQLSTATE[42000]: Syntax error or access violation: 1064 You have an error in your SQL syntax; check the manual that corresponds to your MariaDB server version for the right syntax to use near 'read FROM contacts WHERE status = 'read'' at line 1
[06-Nov-2025 13:13:01 Africa/Addis_Ababa] Get Contact Stats Error: SQLSTATE[42000]: Syntax error or access violation: 1064 You have an error in your SQL syntax; check the manual that corresponds to your MariaDB server version for the right syntax to use near 'read FROM contacts WHERE status = 'read'' at line 1
[06-Nov-2025 13:13:05 Africa/Addis_Ababa] Get Contact Stats Error: SQLSTATE[42000]: Syntax error or access violation: 1064 You have an error in your SQL syntax; check the manual that corresponds to your MariaDB server version for the right syntax to use near 'read FROM contacts WHERE status = 'read'' at line 1
[06-Nov-2025 13:13:06 Africa/Addis_Ababa] Get Contact Stats Error: SQLSTATE[42000]: Syntax error or access violation: 1064 You have an error in your SQL syntax; check the manual that corresponds to your MariaDB server version for the right syntax to use near 'read FROM contacts WHERE status = 'read'' at line 1
[06-Nov-2025 13:13:07 Africa/Addis_Ababa] Get Contact Stats Error: SQLSTATE[42000]: Syntax error or access violation: 1064 You have an error in your SQL syntax; check the manual that corresponds to your MariaDB server version for the right syntax to use near 'read FROM contacts WHERE status = 'read'' at line 1
[06-Nov-2025 13:13:14 Africa/Addis_Ababa] Get Contact Stats Error: SQLSTATE[42000]: Syntax error or access violation: 1064 You have an error in your SQL syntax; check the manual that corresponds to your MariaDB server version for the right syntax to use near 'read FROM contacts WHERE status = 'read'' at line 1
[06-Nov-2025 13:13:14 Africa/Addis_Ababa] Get Contact Stats Error: SQLSTATE[42000]: Syntax error or access violation: 1064 You have an error in your SQL syntax; check the manual that corresponds to your MariaDB server version for the right syntax to use near 'read FROM contacts WHERE status = 'read'' at line 1
[06-Nov-2025 13:13:36 Africa/Addis_Ababa] Get Contact Stats Error: SQLSTATE[42000]: Syntax error or access violation: 1064 You have an error in your SQL syntax; check the manual that corresponds to your MariaDB server version for the right syntax to use near 'read FROM contacts WHERE status = 'read'' at line 1
[06-Nov-2025 13:13:36 Africa/Addis_Ababa] Get Contact Stats Error: SQLSTATE[42000]: Syntax error or access violation: 1064 You have an error in your SQL syntax; check the manual that corresponds to your MariaDB server version for the right syntax to use near 'read FROM contacts WHERE status = 'read'' at line 1
[06-Nov-2025 13:13:37 Africa/Addis_Ababa] Get Contact Stats Error: SQLSTATE[42000]: Syntax error or access violation: 1064 You have an error in your SQL syntax; check the manual that corresponds to your MariaDB server version for the right syntax to use near 'read FROM contacts WHERE status = 'read'' at line 1
[06-Nov-2025 13:13:37 Africa/Addis_Ababa] Get Contact Stats Error: SQLSTATE[42000]: Syntax error or access violation: 1064 You have an error in your SQL syntax; check the manual that corresponds to your MariaDB server version for the right syntax to use near 'read FROM contacts WHERE status = 'read'' at line 1
[06-Nov-2025 13:13:38 Africa/Addis_Ababa] Get Contact Stats Error: SQLSTATE[42000]: Syntax error or access violation: 1064 You have an error in your SQL syntax; check the manual that corresponds to your MariaDB server version for the right syntax to use near 'read FROM contacts WHERE status = 'read'' at line 1
[06-Nov-2025 13:13:39 Africa/Addis_Ababa] Get Contact Stats Error: SQLSTATE[42000]: Syntax error or access violation: 1064 You have an error in your SQL syntax; check the manual that corresponds to your MariaDB server version for the right syntax to use near 'read FROM contacts WHERE status = 'read'' at line 1
[06-Nov-2025 13:13:40 Africa/Addis_Ababa] Get Contact Stats Error: SQLSTATE[42000]: Syntax error or access violation: 1064 You have an error in your SQL syntax; check the manual that corresponds to your MariaDB server version for the right syntax to use near 'read FROM contacts WHERE status = 'read'' at line 1
[06-Nov-2025 13:13:40 Africa/Addis_Ababa] Get Contact Stats Error: SQLSTATE[42000]: Syntax error or access violation: 1064 You have an error in your SQL syntax; check the manual that corresponds to your MariaDB server version for the right syntax to use near 'read FROM contacts WHERE status = 'read'' at line 1
[06-Nov-2025 13:13:40 Africa/Addis_Ababa] Get Contact Stats Error: SQLSTATE[42000]: Syntax error or access violation: 1064 You have an error in your SQL syntax; check the manual that corresponds to your MariaDB server version for the right syntax to use near 'read FROM contacts WHERE status = 'read'' at line 1
[06-Nov-2025 13:13:41 Africa/Addis_Ababa] Get Contact Stats Error: SQLSTATE[42000]: Syntax error or access violation: 1064 You have an error in your SQL syntax; check the manual that corresponds to your MariaDB server version for the right syntax to use near 'read FROM contacts WHERE status = 'read'' at line 1
[06-Nov-2025 13:13:43 Africa/Addis_Ababa] Get Contact Stats Error: SQLSTATE[42000]: Syntax error or access violation: 1064 You have an error in your SQL syntax; check the manual that corresponds to your MariaDB server version for the right syntax to use near 'read FROM contacts WHERE status = 'read'' at line 1
[06-Nov-2025 13:13:43 Africa/Addis_Ababa] Get Contact Stats Error: SQLSTATE[42000]: Syntax error or access violation: 1064 You have an error in your SQL syntax; check the manual that corresponds to your MariaDB server version for the right syntax to use near 'read FROM contacts WHERE status = 'read'' at line 1
[06-Nov-2025 13:26:20 Africa/Addis_Ababa] Get Contact Stats Error: SQLSTATE[42000]: Syntax error or access violation: 1064 You have an error in your SQL syntax; check the manual that corresponds to your MariaDB server version for the right syntax to use near 'read FROM contacts WHERE status = 'read'' at line 1
[06-Nov-2025 13:26:20 Africa/Addis_Ababa] Get Contact Stats Error: SQLSTATE[42000]: Syntax error or access violation: 1064 You have an error in your SQL syntax; check the manual that corresponds to your MariaDB server version for the right syntax to use near 'read FROM contacts WHERE status = 'read'' at line 1
[06-Nov-2025 13:26:21 Africa/Addis_Ababa] Get Contact Stats Error: SQLSTATE[42000]: Syntax error or access violation: 1064 You have an error in your SQL syntax; check the manual that corresponds to your MariaDB server version for the right syntax to use near 'read FROM contacts WHERE status = 'read'' at line 1
[06-Nov-2025 13:26:21 Africa/Addis_Ababa] Get Contact Stats Error: SQLSTATE[42000]: Syntax error or access violation: 1064 You have an error in your SQL syntax; check the manual that corresponds to your MariaDB server version for the right syntax to use near 'read FROM contacts WHERE status = 'read'' at line 1
[06-Nov-2025 13:26:27 Africa/Addis_Ababa] Get Contact Stats Error: SQLSTATE[42000]: Syntax error or access violation: 1064 You have an error in your SQL syntax; check the manual that corresponds to your MariaDB server version for the right syntax to use near 'read FROM contacts WHERE status = 'read'' at line 1
[06-Nov-2025 13:26:28 Africa/Addis_Ababa] Get Contact Stats Error: SQLSTATE[42000]: Syntax error or access violation: 1064 You have an error in your SQL syntax; check the manual that corresponds to your MariaDB server version for the right syntax to use near 'read FROM contacts WHERE status = 'read'' at line 1
[06-Nov-2025 13:26:30 Africa/Addis_Ababa] Get Contact Stats Error: SQLSTATE[42000]: Syntax error or access violation: 1064 You have an error in your SQL syntax; check the manual that corresponds to your MariaDB server version for the right syntax to use near 'read FROM contacts WHERE status = 'read'' at line 1
[06-Nov-2025 13:26:31 Africa/Addis_Ababa] Get Contact Stats Error: SQLSTATE[42000]: Syntax error or access violation: 1064 You have an error in your SQL syntax; check the manual that corresponds to your MariaDB server version for the right syntax to use near 'read FROM contacts WHERE status = 'read'' at line 1
[06-Nov-2025 13:26:31 Africa/Addis_Ababa] Get Contact Stats Error: SQLSTATE[42000]: Syntax error or access violation: 1064 You have an error in your SQL syntax; check the manual that corresponds to your MariaDB server version for the right syntax to use near 'read FROM contacts WHERE status = 'read'' at line 1
[06-Nov-2025 13:26:31 Africa/Addis_Ababa] Get Contact Stats Error: SQLSTATE[42000]: Syntax error or access violation: 1064 You have an error in your SQL syntax; check the manual that corresponds to your MariaDB server version for the right syntax to use near 'read FROM contacts WHERE status = 'read'' at line 1
[06-Nov-2025 13:26:32 Africa/Addis_Ababa] Get Contact Stats Error: SQLSTATE[42000]: Syntax error or access violation: 1064 You have an error in your SQL syntax; check the manual that corresponds to your MariaDB server version for the right syntax to use near 'read FROM contacts WHERE status = 'read'' at line 1
[06-Nov-2025 13:26:32 Africa/Addis_Ababa] Get Contact Stats Error: SQLSTATE[42000]: Syntax error or access violation: 1064 You have an error in your SQL syntax; check the manual that corresponds to your MariaDB server version for the right syntax to use near 'read FROM contacts WHERE status = 'read'' at line 1
[06-Nov-2025 13:26:33 Africa/Addis_Ababa] Get Contact Stats Error: SQLSTATE[42000]: Syntax error or access violation: 1064 You have an error in your SQL syntax; check the manual that corresponds to your MariaDB server version for the right syntax to use near 'read FROM contacts WHERE status = 'read'' at line 1
[06-Nov-2025 13:26:34 Africa/Addis_Ababa] Get Contact Stats Error: SQLSTATE[42000]: Syntax error or access violation: 1064 You have an error in your SQL syntax; check the manual that corresponds to your MariaDB server version for the right syntax to use near 'read FROM contacts WHERE status = 'read'' at line 1
[06-Nov-2025 13:26:35 Africa/Addis_Ababa] Get Contact Stats Error: SQLSTATE[42000]: Syntax error or access violation: 1064 You have an error in your SQL syntax; check the manual that corresponds to your MariaDB server version for the right syntax to use near 'read FROM contacts WHERE status = 'read'' at line 1
[06-Nov-2025 13:26:37 Africa/Addis_Ababa] Get Contact Stats Error: SQLSTATE[42000]: Syntax error or access violation: 1064 You have an error in your SQL syntax; check the manual that corresponds to your MariaDB server version for the right syntax to use near 'read FROM contacts WHERE status = 'read'' at line 1
[06-Nov-2025 13:26:37 Africa/Addis_Ababa] Get Contact Stats Error: SQLSTATE[42000]: Syntax error or access violation: 1064 You have an error in your SQL syntax; check the manual that corresponds to your MariaDB server version for the right syntax to use near 'read FROM contacts WHERE status = 'read'' at line 1
[06-Nov-2025 13:26:54 Africa/Addis_Ababa] Get Contact Stats Error: SQLSTATE[42000]: Syntax error or access violation: 1064 You have an error in your SQL syntax; check the manual that corresponds to your MariaDB server version for the right syntax to use near 'read FROM contacts WHERE status = 'read'' at line 1
[06-Nov-2025 13:26:54 Africa/Addis_Ababa] Get Contact Stats Error: SQLSTATE[42000]: Syntax error or access violation: 1064 You have an error in your SQL syntax; check the manual that corresponds to your MariaDB server version for the right syntax to use near 'read FROM contacts WHERE status = 'read'' at line 1
